Evaluating 96 candidates | steps=500 | seeds=0-7
Resuming from checkpoint with 60 completed candidates
[ 61/96] success=0/8 prey_ext=8 params={'PRED_INIT': 65, 'PREY_INIT': 575, 'PRED_REPRO_PROB': 0.045, 'PREY_REPRO_PROB': 0.072, 'P0': 0.54, 'BIRTH_THRESH_PRED': 4.8, 'METAB_PRED': 0.055, 'PRED_ENERGY_INIT': 1.4, 'PREY_BIRTH_SPLIT': 0.4, 'PREY_MOVE_PROB': 0.3}
[ 62/96] success=1/8 prey_ext=7 params={'PRED_INIT': 65, 'PREY_INIT': 575, 'PRED_REPRO_PROB': 0.045, 'PREY_REPRO_PROB': 0.072, 'P0': 0.54, 'BIRTH_THRESH_PRED': 4.8, 'METAB_PRED': 0.055, 'PRED_ENERGY_INIT': 1.4, 'PREY_BIRTH_SPLIT': 0.42, 'PREY_MOVE_PROB': 0.3}
[ 63/96] success=3/8 prey_ext=5 params={'PRED_INIT': 65, 'PREY_INIT': 575, 'PRED_REPRO_PROB': 0.045, 'PREY_REPRO_PROB': 0.072, 'P0': 0.56, 'BIRTH_THRESH_PRED': 4.8, 'METAB_PRED': 0.055, 'PRED_ENERGY_INIT': 1.4, 'PREY_BIRTH_SPLIT': 0.4, 'PREY_MOVE_PROB': 0.3}
[ 64/96] success=2/8 prey_ext=6 params={'PRED_INIT': 65, 'PREY_INIT': 575, 'PRED_REPRO_PROB': 0.045, 'PREY_REPRO_PROB': 0.072, 'P0': 0.56, 'BIRTH_THRESH_PRED': 4.8, 'METAB_PRED': 0.055, 'PRED_ENERGY_INIT': 1.4, 'PREY_BIRTH_SPLIT': 0.42, 'PREY_MOVE_PROB': 0.3}
[ 65/96] success=4/8 prey_ext=4 params={'PRED_INIT': 70, 'PREY_INIT': 550, 'PRED_REPRO_PROB': 0.04, 'PREY_REPRO_PROB': 0.07, 'P0': 0.54, 'BIRTH_THRESH_PRED': 4.8, 'METAB_PRED': 0.055, 'PRED_ENERGY_INIT': 1.4, 'PREY_BIRTH_SPLIT': 0.4, 'PREY_MOVE_PROB': 0.3}
[ 66/96] success=2/8 prey_ext=6 params={'PRED_INIT': 70, 'PREY_INIT': 550, 'PRED_REPRO_PROB': 0.04, 'PREY_REPRO_PROB': 0.07, 'P0': 0.54, 'BIRTH_THRESH_PRED': 4.8, 'METAB_PRED': 0.055, 'PRED_ENERGY_INIT': 1.4, 'PREY_BIRTH_SPLIT': 0.42, 'PREY_MOVE_PROB': 0.3}
[ 67/96] success=1/8 prey_ext=7 params={'PRED_INIT': 70, 'PREY_INIT': 550, 'PRED_REPRO_PROB': 0.04, 'PREY_REPRO_PROB': 0.07, 'P0': 0.56, 'BIRTH_THRESH_PRED': 4.8, 'METAB_PRED': 0.055, 'PRED_ENERGY_INIT': 1.4, 'PREY_BIRTH_SPLIT': 0.4, 'PREY_MOVE_PROB': 0.3}
[ 68/96] success=0/8 prey_ext=8 params={'PRED_INIT': 70, 'PREY_INIT': 550, 'PRED_REPRO_PROB': 0.04, 'PREY_REPRO_PROB': 0.07, 'P0': 0.56, 'BIRTH_THRESH_PRED': 4.8, 'METAB_PRED': 0.055, 'PRED_ENERGY_INIT': 1.4, 'PREY_BIRTH_SPLIT': 0.42, 'PREY_MOVE_PROB': 0.3}
[ 69/96] success=0/8 prey_ext=8 params={'PRED_INIT': 70, 'PREY_INIT': 550, 'PRED_REPRO_PROB': 0.04, 'PREY_REPRO_PROB': 0.072, 'P0': 0.54, 'BIRTH_THRESH_PRED': 4.8, 'METAB_PRED': 0.055, 'PRED_ENERGY_INIT': 1.4, 'PREY_BIRTH_SPLIT': 0.4, 'PREY_MOVE_PROB': 0.3}
[ 70/96] success=3/8 prey_ext=5 params={'PRED_INIT': 70, 'PREY_INIT': 550, 'PRED_REPRO_PROB': 0.04, 'PREY_REPRO_PROB': 0.072, 'P0': 0.54, 'BIRTH_THRESH_PRED': 4.8, 'METAB_PRED': 0.055, 'PRED_ENERGY_INIT': 1.4, 'PREY_BIRTH_SPLIT': 0.42, 'PREY_MOVE_PROB': 0.3}
[ 71/96] success=3/8 prey_ext=5 params={'PRED_INIT': 70, 'PREY_INIT': 550, 'PRED_REPRO_PROB': 0.04, 'PREY_REPRO_PROB': 0.072, 'P0': 0.56, 'BIRTH_THRESH_PRED': 4.8, 'METAB_PRED': 0.055, 'PRED_ENERGY_INIT': 1.4, 'PREY_BIRTH_SPLIT': 0.4, 'PREY_MOVE_PROB': 0.3}
[ 72/96] success=0/8 prey_ext=8 params={'PRED_INIT': 70, 'PREY_INIT': 550, 'PRED_REPRO_PROB': 0.04, 'PREY_REPRO_PROB': 0.072, 'P0': 0.56, 'BIRTH_THRESH_PRED': 4.8, 'METAB_PRED': 0.055, 'PRED_ENERGY_INIT': 1.4, 'PREY_BIRTH_SPLIT': 0.42, 'PREY_MOVE_PROB': 0.3}
Saved CSV to ./predpreygrass_public_goods/images/mutual_survival_tuning_prey_collapse_penalty_checkpoint.csv
Saved top summary to ./predpreygrass_public_goods/images/mutual_survival_tuning_prey_collapse_penalty_checkpoint_top.txt
[ 73/96] success=2/8 prey_ext=6 params={'PRED_INIT': 70, 'PREY_INIT': 550, 'PRED_REPRO_PROB': 0.045, 'PREY_REPRO_PROB': 0.07, 'P0': 0.54, 'BIRTH_THRESH_PRED': 4.8, 'METAB_PRED': 0.055, 'PRED_ENERGY_INIT': 1.4, 'PREY_BIRTH_SPLIT': 0.4, 'PREY_MOVE_PROB': 0.3}
[ 74/96] success=1/8 prey_ext=7 params={'PRED_INIT': 70, 'PREY_INIT': 550, 'PRED_REPRO_PROB': 0.045, 'PREY_REPRO_PROB': 0.07, 'P0': 0.54, 'BIRTH_THRESH_PRED': 4.8, 'METAB_PRED': 0.055, 'PRED_ENERGY_INIT': 1.4, 'PREY_BIRTH_SPLIT': 0.42, 'PREY_MOVE_PROB': 0.3}
[ 75/96] success=2/8 prey_ext=6 params={'PRED_INIT': 70, 'PREY_INIT': 550, 'PRED_REPRO_PROB': 0.045, 'PREY_REPRO_PROB': 0.07, 'P0': 0.56, 'BIRTH_THRESH_PRED': 4.8, 'METAB_PRED': 0.055, 'PRED_ENERGY_INIT': 1.4, 'PREY_BIRTH_SPLIT': 0.4, 'PREY_MOVE_PROB': 0.3}
[ 76/96] success=3/8 prey_ext=5 params={'PRED_INIT': 70, 'PREY_INIT': 550, 'PRED_REPRO_PROB': 0.045, 'PREY_REPRO_PROB': 0.07, 'P0': 0.56, 'BIRTH_THRESH_PRED': 4.8, 'METAB_PRED': 0.055, 'PRED_ENERGY_INIT': 1.4, 'PREY_BIRTH_SPLIT': 0.42, 'PREY_MOVE_PROB': 0.3}
[ 77/96] success=3/8 prey_ext=5 params={'PRED_INIT': 70, 'PREY_INIT': 550, 'PRED_REPRO_PROB': 0.045, 'PREY_REPRO_PROB': 0.072, 'P0': 0.54, 'BIRTH_THRESH_PRED': 4.8, 'METAB_PRED': 0.055, 'PRED_ENERGY_INIT': 1.4, 'PREY_BIRTH_SPLIT': 0.4, 'PREY_MOVE_PROB': 0.3}
[ 78/96] success=3/8 prey_ext=5 params={'PRED_INIT': 70, 'PREY_INIT': 550, 'PRED_REPRO_PROB': 0.045, 'PREY_REPRO_PROB': 0.072, 'P0': 0.54, 'BIRTH_THRESH_PRED': 4.8, 'METAB_PRED': 0.055, 'PRED_ENERGY_INIT': 1.4, 'PREY_BIRTH_SPLIT': 0.42, 'PREY_MOVE_PROB': 0.3}
[ 79/96] success=3/8 prey_ext=5 params={'PRED_INIT': 70, 'PREY_INIT': 550, 'PRED_REPRO_PROB': 0.045, 'PREY_REPRO_PROB': 0.072, 'P0': 0.56, 'BIRTH_THRESH_PRED': 4.8, 'METAB_PRED': 0.055, 'PRED_ENERGY_INIT': 1.4, 'PREY_BIRTH_SPLIT': 0.4, 'PREY_MOVE_PROB': 0.3}
[ 80/96] success=0/8 prey_ext=8 params={'PRED_INIT': 70, 'PREY_INIT': 550, 'PRED_REPRO_PROB': 0.045, 'PREY_REPRO_PROB': 0.072, 'P0': 0.56, 'BIRTH_THRESH_PRED': 4.8, 'METAB_PRED': 0.055, 'PRED_ENERGY_INIT': 1.4, 'PREY_BIRTH_SPLIT': 0.42, 'PREY_MOVE_PROB': 0.3}
[ 81/96] success=2/8 prey_ext=6 params={'PRED_INIT': 70, 'PREY_INIT': 575, 'PRED_REPRO_PROB': 0.04, 'PREY_REPRO_PROB': 0.07, 'P0': 0.54, 'BIRTH_THRESH_PRED': 4.8, 'METAB_PRED': 0.055, 'PRED_ENERGY_INIT': 1.4, 'PREY_BIRTH_SPLIT': 0.4, 'PREY_MOVE_PROB': 0.3}
[ 82/96] success=0/8 prey_ext=8 params={'PRED_INIT': 70, 'PREY_INIT': 575, 'PRED_REPRO_PROB': 0.04, 'PREY_REPRO_PROB': 0.07, 'P0': 0.54, 'BIRTH_THRESH_PRED': 4.8, 'METAB_PRED': 0.055, 'PRED_ENERGY_INIT': 1.4, 'PREY_BIRTH_SPLIT': 0.42, 'PREY_MOVE_PROB': 0.3}
[ 83/96] success=0/8 prey_ext=8 params={'PRED_INIT': 70, 'PREY_INIT': 575, 'PRED_REPRO_PROB': 0.04, 'PREY_REPRO_PROB': 0.07, 'P0': 0.56, 'BIRTH_THRESH_PRED': 4.8, 'METAB_PRED': 0.055, 'PRED_ENERGY_INIT': 1.4, 'PREY_BIRTH_SPLIT': 0.4, 'PREY_MOVE_PROB': 0.3}
[ 84/96] success=2/8 prey_ext=6 params={'PRED_INIT': 70, 'PREY_INIT': 575, 'PRED_REPRO_PROB': 0.04, 'PREY_REPRO_PROB': 0.07, 'P0': 0.56, 'BIRTH_THRESH_PRED': 4.8, 'METAB_PRED': 0.055, 'PRED_ENERGY_INIT': 1.4, 'PREY_BIRTH_SPLIT': 0.42, 'PREY_MOVE_PROB': 0.3}
Saved CSV to ./predpreygrass_public_goods/images/mutual_survival_tuning_prey_collapse_penalty_checkpoint.csv
Saved top summary to ./predpreygrass_public_goods/images/mutual_survival_tuning_prey_collapse_penalty_checkpoint_top.txt
[ 85/96] success=2/8 prey_ext=6 params={'PRED_INIT': 70, 'PREY_INIT': 575, 'PRED_REPRO_PROB': 0.04, 'PREY_REPRO_PROB': 0.072, 'P0': 0.54, 'BIRTH_THRESH_PRED': 4.8, 'METAB_PRED': 0.055, 'PRED_ENERGY_INIT': 1.4, 'PREY_BIRTH_SPLIT': 0.4, 'PREY_MOVE_PROB': 0.3}
[ 86/96] success=2/8 prey_ext=6 params={'PRED_INIT': 70, 'PREY_INIT': 575, 'PRED_REPRO_PROB': 0.04, 'PREY_REPRO_PROB': 0.072, 'P0': 0.54, 'BIRTH_THRESH_PRED': 4.8, 'METAB_PRED': 0.055, 'PRED_ENERGY_INIT': 1.4, 'PREY_BIRTH_SPLIT': 0.42, 'PREY_MOVE_PROB': 0.3}
[ 87/96] success=3/8 prey_ext=5 params={'PRED_INIT': 70, 'PREY_INIT': 575, 'PRED_REPRO_PROB': 0.04, 'PREY_REPRO_PROB': 0.072, 'P0': 0.56, 'BIRTH_THRESH_PRED': 4.8, 'METAB_PRED': 0.055, 'PRED_ENERGY_INIT': 1.4, 'PREY_BIRTH_SPLIT': 0.4, 'PREY_MOVE_PROB': 0.3}
[ 88/96] success=4/8 prey_ext=4 params={'PRED_INIT': 70, 'PREY_INIT': 575, 'PRED_REPRO_PROB': 0.04, 'PREY_REPRO_PROB': 0.072, 'P0': 0.56, 'BIRTH_THRESH_PRED': 4.8, 'METAB_PRED': 0.055, 'PRED_ENERGY_INIT': 1.4, 'PREY_BIRTH_SPLIT': 0.42, 'PREY_MOVE_PROB': 0.3}
[ 89/96] success=1/8 prey_ext=7 params={'PRED_INIT': 70, 'PREY_INIT': 575, 'PRED_REPRO_PROB': 0.045, 'PREY_REPRO_PROB': 0.07, 'P0': 0.54, 'BIRTH_THRESH_PRED': 4.8, 'METAB_PRED': 0.055, 'PRED_ENERGY_INIT': 1.4, 'PREY_BIRTH_SPLIT': 0.4, 'PREY_MOVE_PROB': 0.3}
[ 90/96] success=2/8 prey_ext=6 params={'PRED_INIT': 70, 'PREY_INIT': 575, 'PRED_REPRO_PROB': 0.045, 'PREY_REPRO_PROB': 0.07, 'P0': 0.54, 'BIRTH_THRESH_PRED': 4.8, 'METAB_PRED': 0.055, 'PRED_ENERGY_INIT': 1.4, 'PREY_BIRTH_SPLIT': 0.42, 'PREY_MOVE_PROB': 0.3}
[ 91/96] success=1/8 prey_ext=7 params={'PRED_INIT': 70, 'PREY_INIT': 575, 'PRED_REPRO_PROB': 0.045, 'PREY_REPRO_PROB': 0.07, 'P0': 0.56, 'BIRTH_THRESH_PRED': 4.8, 'METAB_PRED': 0.055, 'PRED_ENERGY_INIT': 1.4, 'PREY_BIRTH_SPLIT': 0.4, 'PREY_MOVE_PROB': 0.3}
[ 92/96] success=1/8 prey_ext=7 params={'PRED_INIT': 70, 'PREY_INIT': 575, 'PRED_REPRO_PROB': 0.045, 'PREY_REPRO_PROB': 0.07, 'P0': 0.56, 'BIRTH_THRESH_PRED': 4.8, 'METAB_PRED': 0.055, 'PRED_ENERGY_INIT': 1.4, 'PREY_BIRTH_SPLIT': 0.42, 'PREY_MOVE_PROB': 0.3}
[ 93/96] success=2/8 prey_ext=6 params={'PRED_INIT': 70, 'PREY_INIT': 575, 'PRED_REPRO_PROB': 0.045, 'PREY_REPRO_PROB': 0.072, 'P0': 0.54, 'BIRTH_THRESH_PRED': 4.8, 'METAB_PRED': 0.055, 'PRED_ENERGY_INIT': 1.4, 'PREY_BIRTH_SPLIT': 0.4, 'PREY_MOVE_PROB': 0.3}
[ 94/96] success=3/8 prey_ext=5 params={'PRED_INIT': 70, 'PREY_INIT': 575, 'PRED_REPRO_PROB': 0.045, 'PREY_REPRO_PROB': 0.072, 'P0': 0.54, 'BIRTH_THRESH_PRED': 4.8, 'METAB_PRED': 0.055, 'PRED_ENERGY_INIT': 1.4, 'PREY_BIRTH_SPLIT': 0.42, 'PREY_MOVE_PROB': 0.3}
[ 95/96] success=2/8 prey_ext=6 params={'PRED_INIT': 70, 'PREY_INIT': 575, 'PRED_REPRO_PROB': 0.045, 'PREY_REPRO_PROB': 0.072, 'P0': 0.56, 'BIRTH_THRESH_PRED': 4.8, 'METAB_PRED': 0.055, 'PRED_ENERGY_INIT': 1.4, 'PREY_BIRTH_SPLIT': 0.4, 'PREY_MOVE_PROB': 0.3}
[ 96/96] success=1/8 prey_ext=7 params={'PRED_INIT': 70, 'PREY_INIT': 575, 'PRED_REPRO_PROB': 0.045, 'PREY_REPRO_PROB': 0.072, 'P0': 0.56, 'BIRTH_THRESH_PRED': 4.8, 'METAB_PRED': 0.055, 'PRED_ENERGY_INIT': 1.4, 'PREY_BIRTH_SPLIT': 0.42, 'PREY_MOVE_PROB': 0.3}
Saved CSV to ./predpreygrass_public_goods/images/mutual_survival_tuning_prey_collapse_penalty_checkpoint.csv
Saved top summary to ./predpreygrass_public_goods/images/mutual_survival_tuning_prey_collapse_penalty_checkpoint_top.txt
Resume pass 1/24: completed 96/96
Saved CSV to ./predpreygrass_public_goods/images/mutual_survival_tuning_prey_collapse_penalty_20260325_001313.csv
Saved top summary to ./predpreygrass_public_goods/images/mutual_survival_tuning_prey_collapse_penalty_20260325_001313_top.txt
Final outputs: csv=./predpreygrass_public_goods/images/mutual_survival_tuning_prey_collapse_penalty_20260325_001313.csv summary=./predpreygrass_public_goods/images/mutual_survival_tuning_prey_collapse_penalty_20260325_001313_top.txt

Top mutual-survival candidates:
# 1 success=5/8 prey_ext=3 hunt=(0.978, 0.897) mean_min_prey=7.50 params={'PRED_INIT': 65, 'PREY_INIT': 575, 'PRED_REPRO_PROB': 0.045, 'PREY_REPRO_PROB': 0.07, 'P0': 0.56, 'BIRTH_THRESH_PRED': 4.8, 'METAB_PRED': 0.055, 'PRED_ENERGY_INIT': 1.4, 'PREY_BIRTH_SPLIT': 0.42, 'PREY_MOVE_PROB': 0.3}
# 2 success=4/8 prey_ext=4 hunt=(0.798, 0.801) mean_min_prey=5.12 params={'PRED_INIT': 60, 'PREY_INIT': 550, 'PRED_REPRO_PROB': 0.04, 'PREY_REPRO_PROB': 0.072, 'P0': 0.54, 'BIRTH_THRESH_PRED': 4.8, 'METAB_PRED': 0.055, 'PRED_ENERGY_INIT': 1.4, 'PREY_BIRTH_SPLIT': 0.4, 'PREY_MOVE_PROB': 0.3}
# 3 success=4/8 prey_ext=4 hunt=(0.994, 0.879) mean_min_prey=2.88 params={'PRED_INIT': 60, 'PREY_INIT': 575, 'PRED_REPRO_PROB': 0.04, 'PREY_REPRO_PROB': 0.07, 'P0': 0.56, 'BIRTH_THRESH_PRED': 4.8, 'METAB_PRED': 0.055, 'PRED_ENERGY_INIT': 1.4, 'PREY_BIRTH_SPLIT': 0.42, 'PREY_MOVE_PROB': 0.3}
# 4 success=4/8 prey_ext=4 hunt=(0.889, 0.840) mean_min_prey=2.75 params={'PRED_INIT': 70, 'PREY_INIT': 550, 'PRED_REPRO_PROB': 0.04, 'PREY_REPRO_PROB': 0.07, 'P0': 0.54, 'BIRTH_THRESH_PRED': 4.8, 'METAB_PRED': 0.055, 'PRED_ENERGY_INIT': 1.4, 'PREY_BIRTH_SPLIT': 0.4, 'PREY_MOVE_PROB': 0.3}
# 5 success=4/8 prey_ext=4 hunt=(0.995, 0.917) mean_min_prey=2.50 params={'PRED_INIT': 60, 'PREY_INIT': 575, 'PRED_REPRO_PROB': 0.04, 'PREY_REPRO_PROB': 0.07, 'P0': 0.54, 'BIRTH_THRESH_PRED': 4.8, 'METAB_PRED': 0.055, 'PRED_ENERGY_INIT': 1.4, 'PREY_BIRTH_SPLIT': 0.4, 'PREY_MOVE_PROB': 0.3}
# 6 success=4/8 prey_ext=4 hunt=(0.842, 0.827) mean_min_prey=1.62 params={'PRED_INIT': 70, 'PREY_INIT': 575, 'PRED_REPRO_PROB': 0.04, 'PREY_REPRO_PROB': 0.072, 'P0': 0.56, 'BIRTH_THRESH_PRED': 4.8, 'METAB_PRED': 0.055, 'PRED_ENERGY_INIT': 1.4, 'PREY_BIRTH_SPLIT': 0.42, 'PREY_MOVE_PROB': 0.3}
# 7 success=4/8 prey_ext=4 hunt=(0.996, 0.902) mean_min_prey=1.38 params={'PRED_INIT': 60, 'PREY_INIT': 575, 'PRED_REPRO_PROB': 0.04, 'PREY_REPRO_PROB': 0.07, 'P0': 0.56, 'BIRTH_THRESH_PRED': 4.8, 'METAB_PRED': 0.055, 'PRED_ENERGY_INIT': 1.4, 'PREY_BIRTH_SPLIT': 0.4, 'PREY_MOVE_PROB': 0.3}
# 8 success=4/8 prey_ext=4 hunt=(0.993, 0.906) mean_min_prey=1.25 params={'PRED_INIT': 65, 'PREY_INIT': 575, 'PRED_REPRO_PROB': 0.045, 'PREY_REPRO_PROB': 0.07, 'P0': 0.54, 'BIRTH_THRESH_PRED': 4.8, 'METAB_PRED': 0.055, 'PRED_ENERGY_INIT': 1.4, 'PREY_BIRTH_SPLIT': 0.4, 'PREY_MOVE_PROB': 0.3}
# 9 success=3/8 prey_ext=5 hunt=(0.915, 0.866) mean_min_prey=12.38 params={'PRED_INIT': 65, 'PREY_INIT': 575, 'PRED_REPRO_PROB': 0.045, 'PREY_REPRO_PROB': 0.072, 'P0': 0.56, 'BIRTH_THRESH_PRED': 4.8, 'METAB_PRED': 0.055, 'PRED_ENERGY_INIT': 1.4, 'PREY_BIRTH_SPLIT': 0.4, 'PREY_MOVE_PROB': 0.3}
#10 success=3/8 prey_ext=5 hunt=(0.996, 0.879) mean_min_prey=6.38 params={'PRED_INIT': 70, 'PREY_INIT': 550, 'PRED_REPRO_PROB': 0.045, 'PREY_REPRO_PROB': 0.072, 'P0': 0.56, 'BIRTH_THRESH_PRED': 4.8, 'METAB_PRED': 0.055, 'PRED_ENERGY_INIT': 1.4, 'PREY_BIRTH_SPLIT': 0.4, 'PREY_MOVE_PROB': 0.3}
#11 success=3/8 prey_ext=5 hunt=(0.995, 0.875) mean_min_prey=5.38 params={'PRED_INIT': 65, 'PREY_INIT': 575, 'PRED_REPRO_PROB': 0.04, 'PREY_REPRO_PROB': 0.072, 'P0': 0.54, 'BIRTH_THRESH_PRED': 4.8, 'METAB_PRED': 0.055, 'PRED_ENERGY_INIT': 1.4, 'PREY_BIRTH_SPLIT': 0.4, 'PREY_MOVE_PROB': 0.3}
#12 success=3/8 prey_ext=5 hunt=(0.913, 0.802) mean_min_prey=2.88 params={'PRED_INIT': 65, 'PREY_INIT': 550, 'PRED_REPRO_PROB': 0.04, 'PREY_REPRO_PROB': 0.072, 'P0': 0.54, 'BIRTH_THRESH_PRED': 4.8, 'METAB_PRED': 0.055, 'PRED_ENERGY_INIT': 1.4, 'PREY_BIRTH_SPLIT': 0.4, 'PREY_MOVE_PROB': 0.3}
